ERROR - 2022-08-19 04:44:02 --> Error connecting to the database: Connection refused
CRITICAL - 2022-08-19 04:44:02 --> Unable to connect to the database.
Main connection [MySQLi]: Connection refused
in SYSTEMPATH/Database/BaseConnection.php on line 416.
 1 SYSTEMPATH/Database/BaseConnection.php(586): CodeIgniter\Database\BaseConnection->initialize()
 2 SYSTEMPATH/Database/BaseBuilder.php(1585): CodeIgniter\Database\BaseConnection->query('SELECT *
FROM `excursions_template`
WHERE `excursions_template`.`id_excursion_template` = :excursions_template.id_excursion_template:', [...], false)
 3 SYSTEMPATH/Model.php(181): CodeIgniter\Database\BaseBuilder->get()
 4 SYSTEMPATH/BaseModel.php(523): CodeIgniter\Model->doFind(true, '1')
 5 APPPATH/Controllers/Api/ExcursionTemplateController.php(100): CodeIgniter\BaseModel->find('1')
 6 SYSTEMPATH/CodeIgniter.php(896): App\Controllers\Api\ExcursionTemplateController->showExcursionTemplate('1')
 7 SYSTEMPATH/CodeIgniter.php(466): CodeIgniter\CodeIgniter->runController(Object(App\Controllers\Api\ExcursionTemplateController))
 8 SYSTEMPATH/CodeIgniter.php(349): CodeIgniter\CodeIgniter->handleRequest(null, Object(Config\Cache), false)
 9 FCPATH/index.php(55): CodeIgniter\CodeIgniter->run()
10 SYSTEMPATH/Commands/Server/rewrite.php(43): require_once('FCPATH/index.php')
ERROR - 2022-08-19 04:44:03 --> Error connecting to the database: Connection refused
CRITICAL - 2022-08-19 04:44:03 --> Unable to connect to the database.
Main connection [MySQLi]: Connection refused
in SYSTEMPATH/Database/BaseConnection.php on line 416.
 1 SYSTEMPATH/Database/BaseConnection.php(586): CodeIgniter\Database\BaseConnection->initialize()
 2 SYSTEMPATH/Database/BaseBuilder.php(1585): CodeIgniter\Database\BaseConnection->query('SELECT *
FROM `excursions_template`
WHERE `excursions_template`.`id_excursion_template` = :excursions_template.id_excursion_template:', [...], false)
 3 SYSTEMPATH/Model.php(181): CodeIgniter\Database\BaseBuilder->get()
 4 SYSTEMPATH/BaseModel.php(523): CodeIgniter\Model->doFind(true, '1')
 5 APPPATH/Controllers/Api/ExcursionTemplateController.php(100): CodeIgniter\BaseModel->find('1')
 6 SYSTEMPATH/CodeIgniter.php(896): App\Controllers\Api\ExcursionTemplateController->showExcursionTemplate('1')
 7 SYSTEMPATH/CodeIgniter.php(466): CodeIgniter\CodeIgniter->runController(Object(App\Controllers\Api\ExcursionTemplateController))
 8 SYSTEMPATH/CodeIgniter.php(349): CodeIgniter\CodeIgniter->handleRequest(null, Object(Config\Cache), false)
 9 FCPATH/index.php(55): CodeIgniter\CodeIgniter->run()
10 SYSTEMPATH/Commands/Server/rewrite.php(43): require_once('FCPATH/index.php')
ERROR - 2022-08-19 04:44:06 --> Error connecting to the database: Connection refused
CRITICAL - 2022-08-19 04:44:06 --> Unable to connect to the database.
Main connection [MySQLi]: Connection refused
in SYSTEMPATH/Database/BaseConnection.php on line 416.
 1 SYSTEMPATH/Database/BaseConnection.php(586): CodeIgniter\Database\BaseConnection->initialize()
 2 SYSTEMPATH/Database/BaseBuilder.php(1585): CodeIgniter\Database\BaseConnection->query('SELECT *
FROM `excursions_template`', [], false)
 3 SYSTEMPATH/Model.php(222): CodeIgniter\Database\BaseBuilder->get()
 4 SYSTEMPATH/BaseModel.php(584): CodeIgniter\Model->doFindAll(0, 0)
 5 APPPATH/Controllers/Api/ExcursionTemplateController.php(90): CodeIgniter\BaseModel->findAll()
 6 SYSTEMPATH/CodeIgniter.php(896): App\Controllers\Api\ExcursionTemplateController->listExcursionTemplate()
 7 SYSTEMPATH/CodeIgniter.php(466): CodeIgniter\CodeIgniter->runController(Object(App\Controllers\Api\ExcursionTemplateController))
 8 SYSTEMPATH/CodeIgniter.php(349): CodeIgniter\CodeIgniter->handleRequest(null, Object(Config\Cache), false)
 9 FCPATH/index.php(55): CodeIgniter\CodeIgniter->run()
10 SYSTEMPATH/Commands/Server/rewrite.php(43): require_once('FCPATH/index.php')
ERROR - 2022-08-19 04:44:14 --> Error connecting to the database: Connection refused
CRITICAL - 2022-08-19 04:44:14 --> Unable to connect to the database.
Main connection [MySQLi]: Connection refused
in SYSTEMPATH/Database/BaseConnection.php on line 416.
 1 SYSTEMPATH/Database/BaseConnection.php(586): CodeIgniter\Database\BaseConnection->initialize()
 2 SYSTEMPATH/Database/BaseBuilder.php(1585): CodeIgniter\Database\BaseConnection->query('SELECT *
FROM `excursions_template`', [], false)
 3 SYSTEMPATH/Model.php(222): CodeIgniter\Database\BaseBuilder->get()
 4 SYSTEMPATH/BaseModel.php(584): CodeIgniter\Model->doFindAll(0, 0)
 5 APPPATH/Controllers/Api/ExcursionTemplateController.php(90): CodeIgniter\BaseModel->findAll()
 6 SYSTEMPATH/CodeIgniter.php(896): App\Controllers\Api\ExcursionTemplateController->listExcursionTemplate()
 7 SYSTEMPATH/CodeIgniter.php(466): CodeIgniter\CodeIgniter->runController(Object(App\Controllers\Api\ExcursionTemplateController))
 8 SYSTEMPATH/CodeIgniter.php(349): CodeIgniter\CodeIgniter->handleRequest(null, Object(Config\Cache), false)
 9 FCPATH/index.php(55): CodeIgniter\CodeIgniter->run()
10 SYSTEMPATH/Commands/Server/rewrite.php(43): require_once('FCPATH/index.php')
ERROR - 2022-08-19 04:45:06 --> Error connecting to the database: Connection refused
CRITICAL - 2022-08-19 04:45:06 --> Unable to connect to the database.
Main connection [MySQLi]: Connection refused
in SYSTEMPATH/Database/BaseConnection.php on line 416.
 1 SYSTEMPATH/Database/BaseConnection.php(586): CodeIgniter\Database\BaseConnection->initialize()
 2 SYSTEMPATH/Database/BaseBuilder.php(1585): CodeIgniter\Database\BaseConnection->query('SELECT *
FROM `excursions_template`', [], false)
 3 SYSTEMPATH/Model.php(222): CodeIgniter\Database\BaseBuilder->get()
 4 SYSTEMPATH/BaseModel.php(584): CodeIgniter\Model->doFindAll(0, 0)
 5 APPPATH/Controllers/Api/ExcursionTemplateController.php(90): CodeIgniter\BaseModel->findAll()
 6 SYSTEMPATH/CodeIgniter.php(896): App\Controllers\Api\ExcursionTemplateController->listExcursionTemplate()
 7 SYSTEMPATH/CodeIgniter.php(466): CodeIgniter\CodeIgniter->runController(Object(App\Controllers\Api\ExcursionTemplateController))
 8 SYSTEMPATH/CodeIgniter.php(349): CodeIgniter\CodeIgniter->handleRequest(null, Object(Config\Cache), false)
 9 FCPATH/index.php(55): CodeIgniter\CodeIgniter->run()
10 SYSTEMPATH/Commands/Server/rewrite.php(43): require_once('FCPATH/index.php')
ERROR - 2022-08-19 04:45:12 --> Error connecting to the database: Connection refused
CRITICAL - 2022-08-19 04:45:12 --> Unable to connect to the database.
Main connection [MySQLi]: Connection refused
in SYSTEMPATH/Database/BaseConnection.php on line 416.
 1 SYSTEMPATH/Database/BaseConnection.php(586): CodeIgniter\Database\BaseConnection->initialize()
 2 SYSTEMPATH/Database/BaseBuilder.php(1585): CodeIgniter\Database\BaseConnection->query('SELECT *
FROM `excursions_template`
WHERE `excursions_template`.`id_excursion_template` = :excursions_template.id_excursion_template:', [...], false)
 3 SYSTEMPATH/Model.php(181): CodeIgniter\Database\BaseBuilder->get()
 4 SYSTEMPATH/BaseModel.php(523): CodeIgniter\Model->doFind(true, '1')
 5 APPPATH/Controllers/Api/ExcursionTemplateController.php(100): CodeIgniter\BaseModel->find('1')
 6 SYSTEMPATH/CodeIgniter.php(896): App\Controllers\Api\ExcursionTemplateController->showExcursionTemplate('1')
 7 SYSTEMPATH/CodeIgniter.php(466): CodeIgniter\CodeIgniter->runController(Object(App\Controllers\Api\ExcursionTemplateController))
 8 SYSTEMPATH/CodeIgniter.php(349): CodeIgniter\CodeIgniter->handleRequest(null, Object(Config\Cache), false)
 9 FCPATH/index.php(55): CodeIgniter\CodeIgniter->run()
10 SYSTEMPATH/Commands/Server/rewrite.php(43): require_once('FCPATH/index.php')
ERROR - 2022-08-19 04:45:14 --> Error connecting to the database: Connection refused
CRITICAL - 2022-08-19 04:45:14 --> Unable to connect to the database.
Main connection [MySQLi]: Connection refused
in SYSTEMPATH/Database/BaseConnection.php on line 416.
 1 SYSTEMPATH/Database/BaseConnection.php(586): CodeIgniter\Database\BaseConnection->initialize()
 2 SYSTEMPATH/Database/BaseBuilder.php(1585): CodeIgniter\Database\BaseConnection->query('SELECT *
FROM `excursions_template`
WHERE `excursions_template`.`id_excursion_template` = :excursions_template.id_excursion_template:', [...], false)
 3 SYSTEMPATH/Model.php(181): CodeIgniter\Database\BaseBuilder->get()
 4 SYSTEMPATH/BaseModel.php(523): CodeIgniter\Model->doFind(true, '2')
 5 APPPATH/Controllers/Api/ExcursionTemplateController.php(100): CodeIgniter\BaseModel->find('2')
 6 SYSTEMPATH/CodeIgniter.php(896): App\Controllers\Api\ExcursionTemplateController->showExcursionTemplate('2')
 7 SYSTEMPATH/CodeIgniter.php(466): CodeIgniter\CodeIgniter->runController(Object(App\Controllers\Api\ExcursionTemplateController))
 8 SYSTEMPATH/CodeIgniter.php(349): CodeIgniter\CodeIgniter->handleRequest(null, Object(Config\Cache), false)
 9 FCPATH/index.php(55): CodeIgniter\CodeIgniter->run()
10 SYSTEMPATH/Commands/Server/rewrite.php(43): require_once('FCPATH/index.php')
ERROR - 2022-08-19 04:45:32 --> Error connecting to the database: Connection refused
CRITICAL - 2022-08-19 04:45:32 --> Unable to connect to the database.
Main connection [MySQLi]: Connection refused
in SYSTEMPATH/Database/BaseConnection.php on line 416.
 1 SYSTEMPATH/Database/BaseConnection.php(586): CodeIgniter\Database\BaseConnection->initialize()
 2 SYSTEMPATH/Database/BaseBuilder.php(1585): CodeIgniter\Database\BaseConnection->query('SELECT *
FROM `excursions_template`
WHERE `excursions_template`.`id_excursion_template` = :excursions_template.id_excursion_template:', [...], false)
 3 SYSTEMPATH/Model.php(181): CodeIgniter\Database\BaseBuilder->get()
 4 SYSTEMPATH/BaseModel.php(523): CodeIgniter\Model->doFind(true, '1')
 5 APPPATH/Controllers/Api/ExcursionTemplateController.php(100): CodeIgniter\BaseModel->find('1')
 6 SYSTEMPATH/CodeIgniter.php(896): App\Controllers\Api\ExcursionTemplateController->showExcursionTemplate('1')
 7 SYSTEMPATH/CodeIgniter.php(466): CodeIgniter\CodeIgniter->runController(Object(App\Controllers\Api\ExcursionTemplateController))
 8 SYSTEMPATH/CodeIgniter.php(349): CodeIgniter\CodeIgniter->handleRequest(null, Object(Config\Cache), false)
 9 FCPATH/index.php(55): CodeIgniter\CodeIgniter->run()
10 SYSTEMPATH/Commands/Server/rewrite.php(43): require_once('FCPATH/index.php')
ERROR - 2022-08-19 04:46:52 --> Error connecting to the database: Connection refused
CRITICAL - 2022-08-19 04:46:52 --> Unable to connect to the database.
Main connection [MySQLi]: Connection refused
in SYSTEMPATH/Database/BaseConnection.php on line 416.
 1 SYSTEMPATH/Database/BaseConnection.php(586): CodeIgniter\Database\BaseConnection->initialize()
 2 SYSTEMPATH/Database/BaseBuilder.php(1585): CodeIgniter\Database\BaseConnection->query('SELECT 1
FROM `excursions_template`
WHERE `title` = :title:
 LIMIT 1', [...], false)
 3 SYSTEMPATH/Validation/Rules.php(142): CodeIgniter\Database\BaseBuilder->get()
 4 SYSTEMPATH/Validation/Validation.php(306): CodeIgniter\Validation\Rules->is_unique('test3f6em6fkl73', 'title', [...], null)
 5 SYSTEMPATH/Validation/Validation.php(173): CodeIgniter\Validation\Validation->processRules('title', 'title', 'test3f6em6fkl73', [...], [...])
 6 SYSTEMPATH/Controller.php(140): CodeIgniter\Validation\Validation->run()
 7 APPPATH/Controllers/Api/ExcursionTemplateController.php(164): CodeIgniter\Controller->validate([...], [...])
 8 SYSTEMPATH/CodeIgniter.php(896): App\Controllers\Api\ExcursionTemplateController->updateExcursionTemplate('20')
 9 SYSTEMPATH/CodeIgniter.php(466): CodeIgniter\CodeIgniter->runController(Object(App\Controllers\Api\ExcursionTemplateController))
10 SYSTEMPATH/CodeIgniter.php(349): CodeIgniter\CodeIgniter->handleRequest(null, Object(Config\Cache), false)
11 FCPATH/index.php(55): CodeIgniter\CodeIgniter->run()
12 SYSTEMPATH/Commands/Server/rewrite.php(43): require_once('FCPATH/index.php')
ERROR - 2022-08-19 04:47:43 --> Error connecting to the database: Connection refused
CRITICAL - 2022-08-19 04:47:43 --> Unable to connect to the database.
Main connection [MySQLi]: Connection refused
in SYSTEMPATH/Database/BaseConnection.php on line 416.
 1 SYSTEMPATH/Database/BaseConnection.php(586): CodeIgniter\Database\BaseConnection->initialize()
 2 SYSTEMPATH/Database/BaseBuilder.php(1585): CodeIgniter\Database\BaseConnection->query('SELECT *
FROM `excursions_template`
WHERE `excursions_template`.`id_excursion_template` = :excursions_template.id_excursion_template:', [...], false)
 3 SYSTEMPATH/Model.php(181): CodeIgniter\Database\BaseBuilder->get()
 4 SYSTEMPATH/BaseModel.php(523): CodeIgniter\Model->doFind(true, '2')
 5 APPPATH/Controllers/Api/ExcursionTemplateController.php(100): CodeIgniter\BaseModel->find('2')
 6 SYSTEMPATH/CodeIgniter.php(896): App\Controllers\Api\ExcursionTemplateController->showExcursionTemplate('2')
 7 SYSTEMPATH/CodeIgniter.php(466): CodeIgniter\CodeIgniter->runController(Object(App\Controllers\Api\ExcursionTemplateController))
 8 SYSTEMPATH/CodeIgniter.php(349): CodeIgniter\CodeIgniter->handleRequest(null, Object(Config\Cache), false)
 9 FCPATH/index.php(55): CodeIgniter\CodeIgniter->run()
10 SYSTEMPATH/Commands/Server/rewrite.php(43): require_once('FCPATH/index.php')
ERROR - 2022-08-19 04:48:01 --> Error connecting to the database: Connection refused
CRITICAL - 2022-08-19 04:48:01 --> Unable to connect to the database.
Main connection [MySQLi]: Connection refused
in SYSTEMPATH/Database/BaseConnection.php on line 416.
 1 SYSTEMPATH/Database/BaseConnection.php(586): CodeIgniter\Database\BaseConnection->initialize()
 2 SYSTEMPATH/Database/BaseBuilder.php(1585): CodeIgniter\Database\BaseConnection->query('SELECT *
FROM `excursions_template`', [], false)
 3 SYSTEMPATH/Model.php(222): CodeIgniter\Database\BaseBuilder->get()
 4 SYSTEMPATH/BaseModel.php(584): CodeIgniter\Model->doFindAll(0, 0)
 5 APPPATH/Controllers/Api/ExcursionTemplateController.php(90): CodeIgniter\BaseModel->findAll()
 6 SYSTEMPATH/CodeIgniter.php(896): App\Controllers\Api\ExcursionTemplateController->listExcursionTemplate()
 7 SYSTEMPATH/CodeIgniter.php(466): CodeIgniter\CodeIgniter->runController(Object(App\Controllers\Api\ExcursionTemplateController))
 8 SYSTEMPATH/CodeIgniter.php(349): CodeIgniter\CodeIgniter->handleRequest(null, Object(Config\Cache), false)
 9 FCPATH/index.php(55): CodeIgniter\CodeIgniter->run()
10 SYSTEMPATH/Commands/Server/rewrite.php(43): require_once('FCPATH/index.php')
ERROR - 2022-08-19 04:48:03 --> Error connecting to the database: Connection refused
CRITICAL - 2022-08-19 04:48:03 --> Unable to connect to the database.
Main connection [MySQLi]: Connection refused
in SYSTEMPATH/Database/BaseConnection.php on line 416.
 1 SYSTEMPATH/Database/BaseConnection.php(586): CodeIgniter\Database\BaseConnection->initialize()
 2 SYSTEMPATH/Database/BaseBuilder.php(1585): CodeIgniter\Database\BaseConnection->query('SELECT *
FROM `excursions_template`', [], false)
 3 SYSTEMPATH/Model.php(222): CodeIgniter\Database\BaseBuilder->get()
 4 SYSTEMPATH/BaseModel.php(584): CodeIgniter\Model->doFindAll(0, 0)
 5 APPPATH/Controllers/Api/ExcursionTemplateController.php(90): CodeIgniter\BaseModel->findAll()
 6 SYSTEMPATH/CodeIgniter.php(896): App\Controllers\Api\ExcursionTemplateController->listExcursionTemplate()
 7 SYSTEMPATH/CodeIgniter.php(466): CodeIgniter\CodeIgniter->runController(Object(App\Controllers\Api\ExcursionTemplateController))
 8 SYSTEMPATH/CodeIgniter.php(349): CodeIgniter\CodeIgniter->handleRequest(null, Object(Config\Cache), false)
 9 FCPATH/index.php(55): CodeIgniter\CodeIgniter->run()
10 SYSTEMPATH/Commands/Server/rewrite.php(43): require_once('FCPATH/index.php')
