CRITICAL - 2022-09-12 12:42:04 --> Call to undefined method App\Models\ReservationsModel::insert_id
in SYSTEMPATH/Model.php on line 773.
 1 APPPATH/Controllers/Api/ReservationsController.php(77): CodeIgniter\Model->__call('insert_id', [])
 2 SYSTEMPATH/CodeIgniter.php(896): App\Controllers\Api\ReservationsController->addReservation()
 3 SYSTEMPATH/CodeIgniter.php(466): CodeIgniter\CodeIgniter->runController(Object(App\Controllers\Api\ReservationsController))
 4 SYSTEMPATH/CodeIgniter.php(349): CodeIgniter\CodeIgniter->handleRequest(null, Object(Config\Cache), false)
 5 FCPATH/index.php(55): CodeIgniter\CodeIgniter->run()
 6 SYSTEMPATH/Commands/Server/rewrite.php(43): require_once('FCPATH/index.php')
CRITICAL - 2022-09-12 13:28:07 --> Non-static method CodeIgniter\Database\Forge::getConnection() cannot be called statically
in APPPATH/Controllers/Api/ReservationsController.php on line 13.
 1 SYSTEMPATH/CodeIgniter.php(858): App\Controllers\Api\ReservationsController->__construct()
 2 SYSTEMPATH/CodeIgniter.php(457): CodeIgniter\CodeIgniter->createController()
 3 SYSTEMPATH/CodeIgniter.php(349): CodeIgniter\CodeIgniter->handleRequest(null, Object(Config\Cache), false)
 4 FCPATH/index.php(55): CodeIgniter\CodeIgniter->run()
 5 SYSTEMPATH/Commands/Server/rewrite.php(43): require_once('FCPATH/index.php')
CRITICAL - 2022-09-12 13:32:13 --> Undefined variable $db
in APPPATH/Controllers/Api/ReservationsController.php on line 79.
 1 APPPATH/Controllers/Api/ReservationsController.php(79): CodeIgniter\Debug\Exceptions->errorHandler(2, 'Undefined variable $db', 'APPPATH/Controllers/Api/ReservationsController.php', 79)
 2 SYSTEMPATH/CodeIgniter.php(896): App\Controllers\Api\ReservationsController->addReservation()
 3 SYSTEMPATH/CodeIgniter.php(466): CodeIgniter\CodeIgniter->runController(Object(App\Controllers\Api\ReservationsController))
 4 SYSTEMPATH/CodeIgniter.php(349): CodeIgniter\CodeIgniter->handleRequest(null, Object(Config\Cache), false)
 5 FCPATH/index.php(55): CodeIgniter\CodeIgniter->run()
 6 SYSTEMPATH/Commands/Server/rewrite.php(43): require_once('FCPATH/index.php')
CRITICAL - 2022-09-12 13:33:00 --> Call to undefined method CodeIgniter\Database\MySQLi\Forge::insert_id()
in APPPATH/Controllers/Api/ReservationsController.php on line 79.
 1 SYSTEMPATH/CodeIgniter.php(896): App\Controllers\Api\ReservationsController->addReservation()
 2 SYSTEMPATH/CodeIgniter.php(466): CodeIgniter\CodeIgniter->runController(Object(App\Controllers\Api\ReservationsController))
 3 SYSTEMPATH/CodeIgniter.php(349): CodeIgniter\CodeIgniter->handleRequest(null, Object(Config\Cache), false)
 4 FCPATH/index.php(55): CodeIgniter\CodeIgniter->run()
 5 SYSTEMPATH/Commands/Server/rewrite.php(43): require_once('FCPATH/index.php')
