CRITICAL - 2022-09-06 03:33:55 --> Call to undefined method CodeIgniter\Database\Database::connect()
in APPPATH/Controllers/Api/ReservationsController.php on line 13.
 1 SYSTEMPATH/CodeIgniter.php(858): App\Controllers\Api\ReservationsController->__construct()
 2 SYSTEMPATH/CodeIgniter.php(457): CodeIgniter\CodeIgniter->createController()
 3 SYSTEMPATH/CodeIgniter.php(349): CodeIgniter\CodeIgniter->handleRequest(null, Object(Config\Cache), false)
 4 FCPATH/index.php(55): CodeIgniter\CodeIgniter->run()
 5 SYSTEMPATH/Commands/Server/rewrite.php(43): require_once('FCPATH/index.php')
CRITICAL - 2022-09-06 03:34:32 --> Call to undefined method CodeIgniter\Database\Database::connect()
in APPPATH/Controllers/Api/ReservationsController.php on line 13.
 1 SYSTEMPATH/CodeIgniter.php(858): App\Controllers\Api\ReservationsController->__construct()
 2 SYSTEMPATH/CodeIgniter.php(457): CodeIgniter\CodeIgniter->createController()
 3 SYSTEMPATH/CodeIgniter.php(349): CodeIgniter\CodeIgniter->handleRequest(null, Object(Config\Cache), false)
 4 FCPATH/index.php(55): CodeIgniter\CodeIgniter->run()
 5 SYSTEMPATH/Commands/Server/rewrite.php(43): require_once('FCPATH/index.php')
CRITICAL - 2022-09-06 03:34:56 --> Undefined property: App\Controllers\Api\ReservationsController::$db
in APPPATH/Controllers/Api/ReservationsController.php on line 77.
 1 APPPATH/Controllers/Api/ReservationsController.php(77): CodeIgniter\Debug\Exceptions->errorHandler(2, 'Undefined property: App\\Controllers\\Api\\ReservationsController::$db', 'APPPATH/Controllers/Api/ReservationsController.php', 77)
 2 SYSTEMPATH/CodeIgniter.php(896): App\Controllers\Api\ReservationsController->addReservation()
 3 SYSTEMPATH/CodeIgniter.php(466): CodeIgniter\CodeIgniter->runController(Object(App\Controllers\Api\ReservationsController))
 4 SYSTEMPATH/CodeIgniter.php(349): CodeIgniter\CodeIgniter->handleRequest(null, Object(Config\Cache), false)
 5 FCPATH/index.php(55): CodeIgniter\CodeIgniter->run()
 6 SYSTEMPATH/Commands/Server/rewrite.php(43): require_once('FCPATH/index.php')
CRITICAL - 2022-09-06 03:35:50 --> Undefined variable $last_id
in APPPATH/Controllers/Api/ReservationsController.php on line 83.
 1 APPPATH/Controllers/Api/ReservationsController.php(83): CodeIgniter\Debug\Exceptions->errorHandler(2, 'Undefined variable $last_id', 'APPPATH/Controllers/Api/ReservationsController.php', 83)
 2 SYSTEMPATH/CodeIgniter.php(896): App\Controllers\Api\ReservationsController->addReservation()
 3 SYSTEMPATH/CodeIgniter.php(466): CodeIgniter\CodeIgniter->runController(Object(App\Controllers\Api\ReservationsController))
 4 SYSTEMPATH/CodeIgniter.php(349): CodeIgniter\CodeIgniter->handleRequest(null, Object(Config\Cache), false)
 5 FCPATH/index.php(55): CodeIgniter\CodeIgniter->run()
 6 SYSTEMPATH/Commands/Server/rewrite.php(43): require_once('FCPATH/index.php')
ERROR - 2022-09-06 12:03:46 --> Unknown column 'email' in 'where clause'
CRITICAL - 2022-09-06 12:03:46 --> Unknown column 'email' in 'where clause'
in SYSTEMPATH/Database/MySQLi/Connection.php on line 292.
 1 SYSTEMPATH/Database/MySQLi/Connection.php(292): mysqli->query('SELECT 1
FROM `users`
WHERE `email` = \'emilio@hotmail.com\'
 LIMIT 1', 0)
 2 SYSTEMPATH/Database/BaseConnection.php(695): CodeIgniter\Database\MySQLi\Connection->execute('SELECT 1
FROM `users`
WHERE `email` = \'emilio@hotmail.com\'
 LIMIT 1')
 3 SYSTEMPATH/Database/BaseConnection.php(609): CodeIgniter\Database\BaseConnection->simpleQuery('SELECT 1
FROM `users`
WHERE `email` = \'emilio@hotmail.com\'
 LIMIT 1')
 4 SYSTEMPATH/Database/BaseBuilder.php(1585): CodeIgniter\Database\BaseConnection->query('SELECT 1
FROM `users`
WHERE `email` = :email:
 LIMIT 1', [...], false)
 5 SYSTEMPATH/Validation/Rules.php(142): CodeIgniter\Database\BaseBuilder->get()
 6 SYSTEMPATH/Validation/Validation.php(306): CodeIgniter\Validation\Rules->is_unique('emilio@hotmail.com', 'email', [...], null)
 7 SYSTEMPATH/Validation/Validation.php(173): CodeIgniter\Validation\Validation->processRules('user_email', 'user_email', 'emilio@hotmail.com', [...], [...])
 8 SYSTEMPATH/Controller.php(140): CodeIgniter\Validation\Validation->run()
 9 APPPATH/Controllers/Api/UserController.php(44): CodeIgniter\Controller->validate([...], [...])
10 SYSTEMPATH/CodeIgniter.php(896): App\Controllers\Api\UserController->register()
11 SYSTEMPATH/CodeIgniter.php(466): CodeIgniter\CodeIgniter->runController(Object(App\Controllers\Api\UserController))
12 SYSTEMPATH/CodeIgniter.php(349): CodeIgniter\CodeIgniter->handleRequest(null, Object(Config\Cache), false)
13 FCPATH/index.php(55): CodeIgniter\CodeIgniter->run()
14 SYSTEMPATH/Commands/Server/rewrite.php(43): require_once('FCPATH/index.php')
ERROR - 2022-09-06 12:08:27 --> Unknown column 'user_password' in 'field list'
CRITICAL - 2022-09-06 12:08:27 --> Unknown column 'user_password' in 'field list'
in SYSTEMPATH/Database/MySQLi/Connection.php on line 292.
 1 SYSTEMPATH/Database/MySQLi/Connection.php(292): mysqli->query('INSERT INTO `users` (`user_name`, `user_email`, `user_rol`, `user_password`) VALUES (\'juan\', \'juan@hotmail.com\', \'admin\', \'$2y$10$UiEteJPbyE6U/BKTlFiQqOakAQ6kkBUuwXqs2MVWNVhimXM33sFPy\')', 0)
 2 SYSTEMPATH/Database/BaseConnection.php(695): CodeIgniter\Database\MySQLi\Connection->execute('INSERT INTO `users` (`user_name`, `user_email`, `user_rol`, `user_password`) VALUES (\'juan\', \'juan@hotmail.com\', \'admin\', \'$2y$10$UiEteJPbyE6U/BKTlFiQqOakAQ6kkBUuwXqs2MVWNVhimXM33sFPy\')')
 3 SYSTEMPATH/Database/BaseConnection.php(609): CodeIgniter\Database\BaseConnection->simpleQuery('INSERT INTO `users` (`user_name`, `user_email`, `user_rol`, `user_password`) VALUES (\'juan\', \'juan@hotmail.com\', \'admin\', \'$2y$10$UiEteJPbyE6U/BKTlFiQqOakAQ6kkBUuwXqs2MVWNVhimXM33sFPy\')')
 4 SYSTEMPATH/Database/BaseBuilder.php(1904): CodeIgniter\Database\BaseConnection->query('INSERT INTO `users` (`user_name`, `user_email`, `user_rol`, `user_password`) VALUES (:user_name:, :user_email:, :user_rol:, :user_password:)', [...], false)
 5 SYSTEMPATH/Model.php(278): CodeIgniter\Database\BaseBuilder->insert()
 6 SYSTEMPATH/BaseModel.php(738): CodeIgniter\Model->doInsert([...])
 7 SYSTEMPATH/Model.php(666): CodeIgniter\BaseModel->insert([...], true)
 8 APPPATH/Controllers/Api/UserController.php(63): CodeIgniter\Model->insert([...])
 9 SYSTEMPATH/CodeIgniter.php(896): App\Controllers\Api\UserController->register()
10 SYSTEMPATH/CodeIgniter.php(466): CodeIgniter\CodeIgniter->runController(Object(App\Controllers\Api\UserController))
11 SYSTEMPATH/CodeIgniter.php(349): CodeIgniter\CodeIgniter->handleRequest(null, Object(Config\Cache), false)
12 FCPATH/index.php(55): CodeIgniter\CodeIgniter->run()
13 SYSTEMPATH/Commands/Server/rewrite.php(43): require_once('FCPATH/index.php')
