CRITICAL - 2022-09-01 02:49:06 --> Undefined property: App\Controllers\Api\ReservationsController::$load
in APPPATH/Controllers/Api/ReservationsController.php on line 75.
 1 APPPATH/Controllers/Api/ReservationsController.php(75): CodeIgniter\Debug\Exceptions->errorHandler(2, 'Undefined property: App\\Controllers\\Api\\ReservationsController::$load', 'APPPATH/Controllers/Api/ReservationsController.php', 75)
 2 SYSTEMPATH/CodeIgniter.php(896): App\Controllers\Api\ReservationsController->addReservation()
 3 SYSTEMPATH/CodeIgniter.php(466): CodeIgniter\CodeIgniter->runController(Object(App\Controllers\Api\ReservationsController))
 4 SYSTEMPATH/CodeIgniter.php(349): CodeIgniter\CodeIgniter->handleRequest(null, Object(Config\Cache), false)
 5 FCPATH/index.php(55): CodeIgniter\CodeIgniter->run()
 6 SYSTEMPATH/Commands/Server/rewrite.php(43): require_once('FCPATH/index.php')
CRITICAL - 2022-09-01 09:03:02 --> Undefined property: App\Controllers\Api\ReservationsController::$db
in APPPATH/Controllers/Api/ReservationsController.php on line 75.
 1 APPPATH/Controllers/Api/ReservationsController.php(75): CodeIgniter\Debug\Exceptions->errorHandler(2, 'Undefined property: App\\Controllers\\Api\\ReservationsController::$db', 'APPPATH/Controllers/Api/ReservationsController.php', 75)
 2 SYSTEMPATH/CodeIgniter.php(896): App\Controllers\Api\ReservationsController->addReservation()
 3 SYSTEMPATH/CodeIgniter.php(466): CodeIgniter\CodeIgniter->runController(Object(App\Controllers\Api\ReservationsController))
 4 SYSTEMPATH/CodeIgniter.php(349): CodeIgniter\CodeIgniter->handleRequest(null, Object(Config\Cache), false)
 5 FCPATH/index.php(55): CodeIgniter\CodeIgniter->run()
 6 SYSTEMPATH/Commands/Server/rewrite.php(43): require_once('FCPATH/index.php')
CRITICAL - 2022-09-01 09:03:59 --> Undefined variable $db
in APPPATH/Controllers/Api/ReservationsController.php on line 75.
 1 APPPATH/Controllers/Api/ReservationsController.php(75): CodeIgniter\Debug\Exceptions->errorHandler(2, 'Undefined variable $db', 'APPPATH/Controllers/Api/ReservationsController.php', 75)
 2 SYSTEMPATH/CodeIgniter.php(896): App\Controllers\Api\ReservationsController->addReservation()
 3 SYSTEMPATH/CodeIgniter.php(466): CodeIgniter\CodeIgniter->runController(Object(App\Controllers\Api\ReservationsController))
 4 SYSTEMPATH/CodeIgniter.php(349): CodeIgniter\CodeIgniter->handleRequest(null, Object(Config\Cache), false)
 5 FCPATH/index.php(55): CodeIgniter\CodeIgniter->run()
 6 SYSTEMPATH/Commands/Server/rewrite.php(43): require_once('FCPATH/index.php')
CRITICAL - 2022-09-01 09:05:04 --> Undefined property: App\Controllers\Api\ReservationsController::$db
in APPPATH/Controllers/Api/ReservationsController.php on line 76.
 1 APPPATH/Controllers/Api/ReservationsController.php(76): CodeIgniter\Debug\Exceptions->errorHandler(2, 'Undefined property: App\\Controllers\\Api\\ReservationsController::$db', 'APPPATH/Controllers/Api/ReservationsController.php', 76)
 2 SYSTEMPATH/CodeIgniter.php(896): App\Controllers\Api\ReservationsController->addReservation()
 3 SYSTEMPATH/CodeIgniter.php(466): CodeIgniter\CodeIgniter->runController(Object(App\Controllers\Api\ReservationsController))
 4 SYSTEMPATH/CodeIgniter.php(349): CodeIgniter\CodeIgniter->handleRequest(null, Object(Config\Cache), false)
 5 FCPATH/index.php(55): CodeIgniter\CodeIgniter->run()
 6 SYSTEMPATH/Commands/Server/rewrite.php(43): require_once('FCPATH/index.php')
CRITICAL - 2022-09-01 09:12:34 --> Class "CodeIgniter\Database" not found
in APPPATH/Controllers/Api/ReservationsController.php on line 13.
 1 SYSTEMPATH/CodeIgniter.php(858): App\Controllers\Api\ReservationsController->__construct()
 2 SYSTEMPATH/CodeIgniter.php(457): CodeIgniter\CodeIgniter->createController()
 3 SYSTEMPATH/CodeIgniter.php(349): CodeIgniter\CodeIgniter->handleRequest(null, Object(Config\Cache), false)
 4 FCPATH/index.php(55): CodeIgniter\CodeIgniter->run()
 5 SYSTEMPATH/Commands/Server/rewrite.php(43): require_once('FCPATH/index.php')
CRITICAL - 2022-09-01 09:17:14 --> Call to undefined method CodeIgniter\Database\Database::connect()
in APPPATH/Controllers/Api/ReservationsController.php on line 13.
 1 SYSTEMPATH/CodeIgniter.php(858): App\Controllers\Api\ReservationsController->__construct()
 2 SYSTEMPATH/CodeIgniter.php(457): CodeIgniter\CodeIgniter->createController()
 3 SYSTEMPATH/CodeIgniter.php(349): CodeIgniter\CodeIgniter->handleRequest(null, Object(Config\Cache), false)
 4 FCPATH/index.php(55): CodeIgniter\CodeIgniter->run()
 5 SYSTEMPATH/Commands/Server/rewrite.php(43): require_once('FCPATH/index.php')
CRITICAL - 2022-09-01 09:17:35 --> Call to undefined method CodeIgniter\Database\Database::connect()
in APPPATH/Controllers/Api/ReservationsController.php on line 13.
 1 SYSTEMPATH/CodeIgniter.php(858): App\Controllers\Api\ReservationsController->__construct()
 2 SYSTEMPATH/CodeIgniter.php(457): CodeIgniter\CodeIgniter->createController()
 3 SYSTEMPATH/CodeIgniter.php(349): CodeIgniter\CodeIgniter->handleRequest(null, Object(Config\Cache), false)
 4 FCPATH/index.php(55): CodeIgniter\CodeIgniter->run()
 5 SYSTEMPATH/Commands/Server/rewrite.php(43): require_once('FCPATH/index.php')
