CRITICAL - 2022-08-30 09:30:19 --> Class "App\Models\ReservationsModel" not found
in APPPATH/Controllers/Api/ReservationsController.php on line 60.
 1 SYSTEMPATH/CodeIgniter.php(896): App\Controllers\Api\ReservationsController->addReservation()
 2 SYSTEMPATH/CodeIgniter.php(466): CodeIgniter\CodeIgniter->runController(Object(App\Controllers\Api\ReservationsController))
 3 SYSTEMPATH/CodeIgniter.php(349): CodeIgniter\CodeIgniter->handleRequest(null, Object(Config\Cache), false)
 4 FCPATH/index.php(55): CodeIgniter\CodeIgniter->run()
 5 SYSTEMPATH/Commands/Server/rewrite.php(43): require_once('FCPATH/index.php')
CRITICAL - 2022-08-30 09:59:11 --> Undefined property: App\Controllers\Api\ReservationsController::$db
in APPPATH/Controllers/Api/ReservationsController.php on line 70.
 1 APPPATH/Controllers/Api/ReservationsController.php(70): CodeIgniter\Debug\Exceptions->errorHandler(2, 'Undefined property: App\\Controllers\\Api\\ReservationsController::$db', 'APPPATH/Controllers/Api/ReservationsController.php', 70)
 2 SYSTEMPATH/CodeIgniter.php(896): App\Controllers\Api\ReservationsController->addReservation()
 3 SYSTEMPATH/CodeIgniter.php(466): CodeIgniter\CodeIgniter->runController(Object(App\Controllers\Api\ReservationsController))
 4 SYSTEMPATH/CodeIgniter.php(349): CodeIgniter\CodeIgniter->handleRequest(null, Object(Config\Cache), false)
 5 FCPATH/index.php(55): CodeIgniter\CodeIgniter->run()
 6 SYSTEMPATH/Commands/Server/rewrite.php(43): require_once('FCPATH/index.php')
CRITICAL - 2022-08-30 10:01:03 --> Call to undefined method App\Models\ReservationsModel::insert_id
in SYSTEMPATH/Model.php on line 773.
 1 APPPATH/Controllers/Api/ReservationsController.php(70): CodeIgniter\Model->__call('insert_id', [])
 2 SYSTEMPATH/CodeIgniter.php(896): App\Controllers\Api\ReservationsController->addReservation()
 3 SYSTEMPATH/CodeIgniter.php(466): CodeIgniter\CodeIgniter->runController(Object(App\Controllers\Api\ReservationsController))
 4 SYSTEMPATH/CodeIgniter.php(349): CodeIgniter\CodeIgniter->handleRequest(null, Object(Config\Cache), false)
 5 FCPATH/index.php(55): CodeIgniter\CodeIgniter->run()
 6 SYSTEMPATH/Commands/Server/rewrite.php(43): require_once('FCPATH/index.php')
CRITICAL - 2022-08-30 10:02:53 --> Undefined property: App\Controllers\Api\ReservationsController::$db
in APPPATH/Controllers/Api/ReservationsController.php on line 70.
 1 APPPATH/Controllers/Api/ReservationsController.php(70): CodeIgniter\Debug\Exceptions->errorHandler(2, 'Undefined property: App\\Controllers\\Api\\ReservationsController::$db', 'APPPATH/Controllers/Api/ReservationsController.php', 70)
 2 SYSTEMPATH/CodeIgniter.php(896): App\Controllers\Api\ReservationsController->addReservation()
 3 SYSTEMPATH/CodeIgniter.php(466): CodeIgniter\CodeIgniter->runController(Object(App\Controllers\Api\ReservationsController))
 4 SYSTEMPATH/CodeIgniter.php(349): CodeIgniter\CodeIgniter->handleRequest(null, Object(Config\Cache), false)
 5 FCPATH/index.php(55): CodeIgniter\CodeIgniter->run()
 6 SYSTEMPATH/Commands/Server/rewrite.php(43): require_once('FCPATH/index.php')
CRITICAL - 2022-08-30 10:04:25 --> Call to undefined method App\Models\ReservationsModel::insert_id
in SYSTEMPATH/Model.php on line 773.
 1 APPPATH/Controllers/Api/ReservationsController.php(70): CodeIgniter\Model->__call('insert_id', [])
 2 SYSTEMPATH/CodeIgniter.php(896): App\Controllers\Api\ReservationsController->addReservation()
 3 SYSTEMPATH/CodeIgniter.php(466): CodeIgniter\CodeIgniter->runController(Object(App\Controllers\Api\ReservationsController))
 4 SYSTEMPATH/CodeIgniter.php(349): CodeIgniter\CodeIgniter->handleRequest(null, Object(Config\Cache), false)
 5 FCPATH/index.php(55): CodeIgniter\CodeIgniter->run()
 6 SYSTEMPATH/Commands/Server/rewrite.php(43): require_once('FCPATH/index.php')
CRITICAL - 2022-08-30 10:08:42 --> Undefined property: App\Controllers\Api\ReservationsController::$db
in APPPATH/Controllers/Api/ReservationsController.php on line 70.
 1 APPPATH/Controllers/Api/ReservationsController.php(70): CodeIgniter\Debug\Exceptions->errorHandler(2, 'Undefined property: App\\Controllers\\Api\\ReservationsController::$db', 'APPPATH/Controllers/Api/ReservationsController.php', 70)
 2 SYSTEMPATH/CodeIgniter.php(896): App\Controllers\Api\ReservationsController->addReservation()
 3 SYSTEMPATH/CodeIgniter.php(466): CodeIgniter\CodeIgniter->runController(Object(App\Controllers\Api\ReservationsController))
 4 SYSTEMPATH/CodeIgniter.php(349): CodeIgniter\CodeIgniter->handleRequest(null, Object(Config\Cache), false)
 5 FCPATH/index.php(55): CodeIgniter\CodeIgniter->run()
 6 SYSTEMPATH/Commands/Server/rewrite.php(43): require_once('FCPATH/index.php')
CRITICAL - 2022-08-30 10:18:30 --> Call to undefined method CodeIgniter\HTTP\IncomingRequest::insert_id()
in APPPATH/Controllers/Api/ReservationsController.php on line 70.
 1 SYSTEMPATH/CodeIgniter.php(896): App\Controllers\Api\ReservationsController->addReservation()
 2 SYSTEMPATH/CodeIgniter.php(466): CodeIgniter\CodeIgniter->runController(Object(App\Controllers\Api\ReservationsController))
 3 SYSTEMPATH/CodeIgniter.php(349): CodeIgniter\CodeIgniter->handleRequest(null, Object(Config\Cache), false)
 4 FCPATH/index.php(55): CodeIgniter\CodeIgniter->run()
 5 SYSTEMPATH/Commands/Server/rewrite.php(43): require_once('FCPATH/index.php')
CRITICAL - 2022-08-30 10:40:25 --> Undefined property: App\Controllers\Api\ReservationsController::$load
in APPPATH/Controllers/Api/ReservationsController.php on line 71.
 1 APPPATH/Controllers/Api/ReservationsController.php(71): CodeIgniter\Debug\Exceptions->errorHandler(2, 'Undefined property: App\\Controllers\\Api\\ReservationsController::$load', 'APPPATH/Controllers/Api/ReservationsController.php', 71)
 2 SYSTEMPATH/CodeIgniter.php(896): App\Controllers\Api\ReservationsController->addReservation()
 3 SYSTEMPATH/CodeIgniter.php(466): CodeIgniter\CodeIgniter->runController(Object(App\Controllers\Api\ReservationsController))
 4 SYSTEMPATH/CodeIgniter.php(349): CodeIgniter\CodeIgniter->handleRequest(null, Object(Config\Cache), false)
 5 FCPATH/index.php(55): CodeIgniter\CodeIgniter->run()
 6 SYSTEMPATH/Commands/Server/rewrite.php(43): require_once('FCPATH/index.php')
